<?xml version="1.0" encoding="UTF-8"?>
<testng-results ignored="0" total="4" passed="3" failed="1" skipped="0">
  <reporter-output>
    <line>
      <![CDATA[Step 1 - Click Sign In link - PASSED]]>
    </line>
    <line>
      <![CDATA[Step 2 - Click Sign In with Email link - PASSED]]>
    </line>
    <line>
      <![CDATA[Step 3 - Enter email address - PASSED]]>
    </line>
    <line>
      <![CDATA[Step 4 - Enter password - PASSED]]>
    </line>
    <line>
      <![CDATA[Step 5 - Click SignIn button - PASSED]]>
    </line>
    <line>
      <![CDATA[Step 6 - Click Logout - PASSED]]>
    </line>
    <line>
      <![CDATA[Step 1 - Click Sign In link - PASSED]]>
    </line>
    <line>
      <![CDATA[Step 2 - Click Sign In with Email link - PASSED]]>
    </line>
    <line>
      <![CDATA[Step 3 - Enter email address - PASSED]]>
    </line>
    <line>
      <![CDATA[Step 4 - Enter password - PASSED]]>
    </line>
    <line>
      <![CDATA[Step 5 - Click SignIn button - PASSED]]>
    </line>
    <line>
      <![CDATA[Step 6 - Click Logout - PASSED]]>
    </line>
    <line>
      <![CDATA[Step 1 - Click Sign In link - PASSED]]>
    </line>
    <line>
      <![CDATA[Step 2 - Click Sign In with Email link - PASSED]]>
    </line>
    <line>
      <![CDATA[Step 3 - Enter email address - PASSED]]>
    </line>
    <line>
      <![CDATA[Step 4 - Enter password - PASSED]]>
    </line>
    <line>
      <![CDATA[Step 5 - Click SignIn button - PASSED]]>
    </line>
    <line>
      <![CDATA[Step 6 - Click Logout - PASSED]]>
    </line>
    <line>
      <![CDATA[Step 1 - Click Sign In link - PASSED]]>
    </line>
    <line>
      <![CDATA[Step 2 - Click Sign In with Email link - PASSED]]>
    </line>
    <line>
      <![CDATA[Step 3 - Enter email address - PASSED]]>
    </line>
    <line>
      <![CDATA[Step 4 - Enter password - PASSED]]>
    </line>
    <line>
      <![CDATA[Step 5 - Click SignIn button - PASSED]]>
    </line>
  </reporter-output>
  <suite started-at="2023-01-22T05:52:01 GMT+03:00" name="Default suite" finished-at="2023-01-22T05:52:25 GMT+03:00" duration-ms="24236">
    <groups>
    </groups>
    <test started-at="2023-01-22T05:52:01 GMT+03:00" name="Default test" finished-at="2023-01-22T05:52:25 GMT+03:00" duration-ms="24236">
      <class name="homework_ses13_Exercise2.TestSignIn">
        <test-method is-config="true" signature="setup()[pri:0, instance:homework_ses13_Exercise2.TestSignIn@dd05255]" started-at="2023-01-22T05:52:01 GMT+03:00" name="setup" finished-at="2023-01-22T05:52:03 GMT+03:00" duration-ms="2327" status="PASS">
          <reporter-output>
          </reporter-output>
        </test-method> <!-- setup -->
        <test-method signature="LogIn_and_Out(java.lang.String,java.lang.String,java.lang.String)[pri:0, instance:homework_ses13_Exercise2.TestSignIn@dd05255]" started-at="2023-01-22T05:52:03 GMT+03:00" name="LogIn_and_Out" data-provider="LoginInformation" finished-at="2023-01-22T05:52:07 GMT+03:00" duration-ms="4351" status="PASS">
          <params>
            <param index="0">
              <value>
                <![CDATA[nogora4938@usharer.com]]>
              </value>
            </param>
            <param index="1">
              <value>
                <![CDATA[123456]]>
              </value>
            </param>
            <param index="2">
              <value>
                <![CDATA[1]]>
              </value>
            </param>
          </params>
          <reporter-output>
            <line>
              <![CDATA[Step 1 - Click Sign In link - PASSED]]>
            </line>
            <line>
              <![CDATA[Step 2 - Click Sign In with Email link - PASSED]]>
            </line>
            <line>
              <![CDATA[Step 3 - Enter email address - PASSED]]>
            </line>
            <line>
              <![CDATA[Step 4 - Enter password - PASSED]]>
            </line>
            <line>
              <![CDATA[Step 5 - Click SignIn button - PASSED]]>
            </line>
            <line>
              <![CDATA[Step 6 - Click Logout - PASSED]]>
            </line>
          </reporter-output>
        </test-method> <!-- LogIn_and_Out -->
        <test-method signature="LogIn_and_Out(java.lang.String,java.lang.String,java.lang.String)[pri:0, instance:homework_ses13_Exercise2.TestSignIn@dd05255]" started-at="2023-01-22T05:52:07 GMT+03:00" name="LogIn_and_Out" data-provider="LoginInformation" finished-at="2023-01-22T05:52:10 GMT+03:00" duration-ms="2889" status="PASS">
          <params>
            <param index="0">
              <value>
                <![CDATA[alex56@mail.com]]>
              </value>
            </param>
            <param index="1">
              <value>
                <![CDATA[test123]]>
              </value>
            </param>
            <param index="2">
              <value>
                <![CDATA[2]]>
              </value>
            </param>
          </params>
          <reporter-output>
            <line>
              <![CDATA[Step 1 - Click Sign In link - PASSED]]>
            </line>
            <line>
              <![CDATA[Step 2 - Click Sign In with Email link - PASSED]]>
            </line>
            <line>
              <![CDATA[Step 3 - Enter email address - PASSED]]>
            </line>
            <line>
              <![CDATA[Step 4 - Enter password - PASSED]]>
            </line>
            <line>
              <![CDATA[Step 5 - Click SignIn button - PASSED]]>
            </line>
            <line>
              <![CDATA[Step 6 - Click Logout - PASSED]]>
            </line>
          </reporter-output>
        </test-method> <!-- LogIn_and_Out -->
        <test-method signature="LogIn_and_Out(java.lang.String,java.lang.String,java.lang.String)[pri:0, instance:homework_ses13_Exercise2.TestSignIn@dd05255]" started-at="2023-01-22T05:52:10 GMT+03:00" name="LogIn_and_Out" data-provider="LoginInformation" finished-at="2023-01-22T05:52:13 GMT+03:00" duration-ms="2925" status="PASS">
          <params>
            <param index="0">
              <value>
                <![CDATA[alex57@mail.com]]>
              </value>
            </param>
            <param index="1">
              <value>
                <![CDATA[test123]]>
              </value>
            </param>
            <param index="2">
              <value>
                <![CDATA[3]]>
              </value>
            </param>
          </params>
          <reporter-output>
            <line>
              <![CDATA[Step 1 - Click Sign In link - PASSED]]>
            </line>
            <line>
              <![CDATA[Step 2 - Click Sign In with Email link - PASSED]]>
            </line>
            <line>
              <![CDATA[Step 3 - Enter email address - PASSED]]>
            </line>
            <line>
              <![CDATA[Step 4 - Enter password - PASSED]]>
            </line>
            <line>
              <![CDATA[Step 5 - Click SignIn button - PASSED]]>
            </line>
            <line>
              <![CDATA[Step 6 - Click Logout - PASSED]]>
            </line>
          </reporter-output>
        </test-method> <!-- LogIn_and_Out -->
        <test-method signature="LogIn_and_Out(java.lang.String,java.lang.String,java.lang.String)[pri:0, instance:homework_ses13_Exercise2.TestSignIn@dd05255]" started-at="2023-01-22T05:52:13 GMT+03:00" name="LogIn_and_Out" data-provider="LoginInformation" finished-at="2023-01-22T05:52:25 GMT+03:00" duration-ms="11561" status="FAIL">
          <params>
            <param index="0">
              <value>
                <![CDATA[nogora4938@usharer.com]]>
              </value>
            </param>
            <param index="1">
              <value>
                <![CDATA[1234567]]>
              </value>
            </param>
            <param index="2">
              <value>
                <![CDATA[4]]>
              </value>
            </param>
          </params>
          <exception class="java.lang.Exception">
            <message>
              <![CDATA[Logout failed --> FAIL]]>
            </message>
            <full-stacktrace>
              <![CDATA[java.lang.Exception: Logout failed --> FAIL
at homework_ses13_Exercise2.TestSignIn.LogIn_and_Out(TestSignIn.java:77)
at java.base/jdk.internal.reflect.DirectMethodHandleAccessor.invoke(DirectMethodHandleAccessor.java:104)
at java.base/java.lang.reflect.Method.invoke(Method.java:578)
at org.testng.internal.MethodInvocationHelper.invokeMethod(MethodInvocationHelper.java:133)
at org.testng.internal.TestInvoker.invokeMethod(TestInvoker.java:598)
at org.testng.internal.TestInvoker.invokeTestMethod(TestInvoker.java:173)
at org.testng.internal.MethodRunner.runInSequence(MethodRunner.java:46)
at org.testng.internal.TestInvoker$MethodInvocationAgent.invoke(TestInvoker.java:824)
at org.testng.internal.TestInvoker.invokeTestMethods(TestInvoker.java:146)
at org.testng.internal.TestMethodWorker.invokeTestMethods(TestMethodWorker.java:146)
at org.testng.internal.TestMethodWorker.run(TestMethodWorker.java:128)
at java.base/java.util.ArrayList.forEach(ArrayList.java:1511)
at org.testng.TestRunner.privateRun(TestRunner.java:794)
at org.testng.TestRunner.run(TestRunner.java:596)
at org.testng.SuiteRunner.runTest(SuiteRunner.java:377)
at org.testng.SuiteRunner.runSequentially(SuiteRunner.java:371)
at org.testng.SuiteRunner.privateRun(SuiteRunner.java:332)
at org.testng.SuiteRunner.run(SuiteRunner.java:276)
at org.testng.SuiteRunnerWorker.runSuite(SuiteRunnerWorker.java:53)
at org.testng.SuiteRunnerWorker.run(SuiteRunnerWorker.java:96)
at org.testng.TestNG.runSuitesSequentially(TestNG.java:1212)
at org.testng.TestNG.runSuitesLocally(TestNG.java:1134)
at org.testng.TestNG.runSuites(TestNG.java:1063)
at org.testng.TestNG.run(TestNG.java:1031)
at org.testng.remote.AbstractRemoteTestNG.run(AbstractRemoteTestNG.java:115)
at org.testng.remote.RemoteTestNG.initAndRun(RemoteTestNG.java:251)
at org.testng.remote.RemoteTestNG.main(RemoteTestNG.java:77)
]]>
            </full-stacktrace>
          </exception> <!-- java.lang.Exception -->
          <reporter-output>
            <line>
              <![CDATA[Step 1 - Click Sign In link - PASSED]]>
            </line>
            <line>
              <![CDATA[Step 2 - Click Sign In with Email link - PASSED]]>
            </line>
            <line>
              <![CDATA[Step 3 - Enter email address - PASSED]]>
            </line>
            <line>
              <![CDATA[Step 4 - Enter password - PASSED]]>
            </line>
            <line>
              <![CDATA[Step 5 - Click SignIn button - PASSED]]>
            </line>
          </reporter-output>
        </test-method> <!-- LogIn_and_Out -->
        <test-method is-config="true" signature="Quit()[pri:0, instance:homework_ses13_Exercise2.TestSignIn@dd05255]" started-at="2023-01-22T05:52:25 GMT+03:00" name="Quit" finished-at="2023-01-22T05:52:25 GMT+03:00" duration-ms="122" status="PASS">
          <reporter-output>
          </reporter-output>
        </test-method> <!-- Quit -->
      </class> <!-- homework_ses13_Exercise2.TestSignIn -->
    </test> <!-- Default test -->
  </suite> <!-- Default suite -->
</testng-results>
